<?xml version="1.0" encoding="UTF-8"?>
<!-- Generated by org.testng.reporters.JUnitReportReporter -->
<testsuite skipped="0" hostname="kirri-PC" name="com.crm.qa.testcases.ContactsPageTest" tests="3" failures="0" timestamp="29 Jan 2019 13:09:11 GMT" time="91.093" errors="0">
  <testcase name="ValidateCreatenewcontact" time="33.020" classname="com.crm.qa.testcases.ContactsPageTest"/>
  <testcase name="ValidateCreatenewcontact" time="28.964" classname="com.crm.qa.testcases.ContactsPageTest"/>
  <testcase name="ValidateCreatenewcontact" time="29.109" classname="com.crm.qa.testcases.ContactsPageTest"/>
</testsuite> <!-- com.crm.qa.testcases.ContactsPageTest -->
