<?xml version="1.0" encoding="UTF-8"?>
<!-- Generated by org.testng.reporters.JUnitReportReporter -->
<testsuite skipped="0" hostname="kirri-PC" name="com.crm.qa.testcases.HomePageTest" tests="3" failures="0" timestamp="05 Feb 2019 12:27:42 GMT" time="63.249" errors="0">
  <testcase name="VerifyHomePageTitleTest" time="19.565" classname="com.crm.qa.testcases.HomePageTest"/>
  <testcase name="VerifyUserlabelLink" time="19.017" classname="com.crm.qa.testcases.HomePageTest"/>
  <testcase name="VerifyContactsLinkTest" time="24.667" classname="com.crm.qa.testcases.HomePageTest"/>
</testsuite> <!-- com.crm.qa.testcases.HomePageTest -->
